<?xml version="1.0" encoding="UTF-8"?>
<!-- Generated by org.testng.reporters.JUnitReportReporter -->
<testsuite hostname="LAPTOP-2Q2FNSRM" failures="0" tests="2" name="Parallel_Execution.Parallel_Execution" time="3.614" errors="0" timestamp="2025-08-03T11:46:37 IST" skipped="0">
  <testcase classname="Parallel_Execution.Parallel_Execution" name="mytest2" time="1.382"/>
  <testcase classname="Parallel_Execution.Parallel_Execution" name="mytest1" time="2.232"/>
</testsuite> <!-- Parallel_Execution.Parallel_Execution -->
